2019-09-04 13:54:24 - MOD: Modification Default

FILE: system/engine/action.php
REGEX: ~(require|include)(_once)?\(([^)]+)~
LINE: 69

FILE: system/engine/loader.php
REGEX: ~(require|include)(_once)?\(([^)]+)~
LINE: 77
LINE: 151
LINE: 168

FILE: system/library/config.php
REGEX: ~(require|include)(_once)?\(([^)]+)~
LINE: 59

FILE: system/library/language.php
REGEX: ~(require|include)(_once)?\(([^)]+)~
LINE: 67
LINE: 73

FILE: system/library/template/template.php
REGEX: ~(require|include)(_once)?\(([^)]+)~
LINE: 18

FILE: system/library/template/twig.php
CODE: $loader = new \Twig_Loader_Filesystem(DIR_TEMPLATE);
LINE: 19
----------------------------------------------------------------
2019-09-04 13:57:45 - MOD: Modification Default

FILE: system/engine/action.php
REGEX: ~(require|include)(_once)?\(([^)]+)~
LINE: 69

FILE: system/engine/loader.php
REGEX: ~(require|include)(_once)?\(([^)]+)~
LINE: 77
LINE: 151
LINE: 168

FILE: system/library/config.php
REGEX: ~(require|include)(_once)?\(([^)]+)~
LINE: 59

FILE: system/library/language.php
REGEX: ~(require|include)(_once)?\(([^)]+)~
LINE: 67
LINE: 73

FILE: system/library/template/template.php
REGEX: ~(require|include)(_once)?\(([^)]+)~
LINE: 18

FILE: system/library/template/twig.php
CODE: $loader = new \Twig_Loader_Filesystem(DIR_TEMPLATE);
LINE: 19
----------------------------------------------------------------
MOD: Auto URL amigável Admin

FILE: admin/controller/catalog/product.php
CODE: $data['languages']
LINE: 588

FILE: admin/controller/catalog/category.php
CODE: $data['languages']
LINE: 359

FILE: admin/controller/catalog/information.php
CODE: $data['languages']
LINE: 325

FILE: admin/view/template/common/header.twig
CODE: </head>
LINE: 36

FILE: admin/view/template/catalog/product_form.twig
CODE: var attribute_row = {{ attribute_row }};
LINE: 1302
CODE: name="product_description[{{ language.language_id }}][name]"
LINE: 52
CODE: id="input-meta-title{{ language.language_id }}" class="form-control"
LINE: 66
CODE: name="product_seo_url[{{ store.store_id }}][{{ language.language_id }}]"
LINE: 1063

FILE: admin/view/template/catalog/category_form.twig
CODE: <script type="text/javascript">
LINE: 275
CODE: name="category_description[{{ language.language_id }}][name]"
LINE: 46
CODE: id="input-meta-title{{ language.language_id }}" class="form-control"
LINE: 61
CODE: name="category_seo_url[{{ store.store_id }}][{{ language.language_id }}]"
LINE: 190

FILE: admin/controller/catalog/manufacturer.php
CODE: protected function getForm() {
LINE: 248

FILE: admin/view/template/catalog/manufacturer_form.twig
CODE: {{ footer }}
LINE: 129
CODE: name="name"
LINE: 35
CODE: name="manufacturer_seo_url[{{ store.store_id }}][{{ language.language_id }}]"
LINE: 85

FILE: admin/view/template/catalog/information_form.twig
CODE: <script type="text/javascript">
LINE: 230
CODE: name="information_description[{{ language.language_id }}][title]"
LINE: 44
CODE: id="input-meta-title{{ language.language_id }}" class="form-control"
LINE: 60
CODE: name="information_seo_url[{{ store.store_id }}][{{ language.language_id }}]"
LINE: 147
----------------------------------------------------------------
2020-02-11 19:34:49 - MOD: Modification Default

FILE: system/engine/action.php
REGEX: ~(require|include)(_once)?\(([^)]+)~
LINE: 69

FILE: system/engine/loader.php
REGEX: ~(require|include)(_once)?\(([^)]+)~
LINE: 77
LINE: 151
LINE: 168

FILE: system/library/config.php
REGEX: ~(require|include)(_once)?\(([^)]+)~
LINE: 59

FILE: system/library/language.php
REGEX: ~(require|include)(_once)?\(([^)]+)~
LINE: 67
LINE: 73

FILE: system/library/template/template.php
REGEX: ~(require|include)(_once)?\(([^)]+)~
LINE: 18

FILE: system/library/template/twig.php
CODE: $loader = new \Twig_Loader_Filesystem(DIR_TEMPLATE);
LINE: 19
----------------------------------------------------------------
MOD: <a href="../?lightning"target="_blank">OpenCart Lightning</a>

FILE: catalog/controller/error/not_found.php
CODE: data['heading_title'] =
NOT FOUND - OPERATION SKIPPED!

FILE: catalog/controller/product/product.php
CODE: setTitle($this->language->get('text_error'
LINE: 506

FILE: catalog/controller/product/category.php
CODE: setTitle($this->language->get('text_error'
LINE: 395

FILE: system/library/cache/file.php
CODE: $handle = fopen($files[0], 'r');
LINE: 28
CODE: if (file_exists($file)) {
LINE: 16
LINE: 69

FILE: admin/controller/common/developer.php
CODE: if (is_dir($directory)) {
LINE: 68
CODE: $data['pagination'] =
LINE: 330
CODE: $data['sort'] = $sort;
LINE: 350
CODE: function index() {
LINE: 5

FILE: system/library/cart/cart.php
CODE: function getProducts() {
LINE: 33
CODE: if ($this->customer->getId())
LINE: 16

FILE: catalog/controller/common/cart.php
CODE: function index
LINE: 3
CODE: $controller = new $class($this->registry);
NOT FOUND - OPERATION SKIPPED!
CODE: function __construct($route) {
LINE: 23
CODE: function execute($registry, array $args = array()) {
LINE: 59
CODE: return call_user_func_array
LINE: 80
CODE: $r = call_user_func_array
LINE: 81
CODE: function __construct($route, $args = array()) {
NOT FOUND - OPERATION SKIPPED!

FILE: catalog/controller/startup/event.php
CODE: function index() {
LINE: 3
CODE: function has($key) {
LINE: 44
CODE: trigger('model/' . $trigger . '/before'
LINE: 229
CODE: trigger('model/' . $route . '/before'
NOT FOUND - OPERATION SKIPPED!
CODE: $output = call_user_func_array($callable, $args);
LINE: 249

FILE: system/library/url.php
CODE: function link(
LINE: 48
CODE: return $this->rewrite($url);
NOT FOUND - OPERATION SKIPPED!
CODE: return $url
LINE: 68

FILE: system/engine/controller.php
CODE: return $this->output;
NOT FOUND - OPERATION SKIPPED!
CODE: function getChild
NOT FOUND - OPERATION SKIPPED!
CODE: class Action
LINE: 13

FILE: system/library/session.php
CODE: $this->data =
LINE: 72
CODE: session_set_save_handler(
NOT FOUND - OPERATION SKIPPED!
CODE: $this->response->setOutput($this->index());
LINE: 140

FILE: system/engine/registry.php
CODE: function set(
LINE: 33

FILE: catalog/model/tool/image.php
CODE: request->server['HTTPS']
LINE: 43

FILE: system/library/image.php
CODE: imagejpeg($this->image, $file, $quality);
LINE: 120
CODE: imagedestroy($this->image);
LINE: 128

FILE: admin/model/localisation/currency.php
CODE: $curl = curl_init();
LINE: 122

FILE: admin/controller/common/header.php
CODE: $data['description'] =
LINE: 12
CODE: $this->data['description'] =
NOT FOUND - OPERATION SKIPPED!

FILE: admin/view/template/common/header.twig
CODE: <ul class="nav navbar-nav navbar-right">
LINE: 46
CODE: <li class="nav-item dropdown">
NOT FOUND - OPERATION SKIPPED!
CODE: <!-lightning->
LINE: 45
CODE: <!-light->
LINE: 45

FILE: catalog/model/tool/online.php
CODE: line(
LINE: 3

FILE: system/engine/router.php
CODE: while ($action
LINE: 55

FILE: system/library/db.php
CODE: class D
LINE: 13
CODE: _construct
LINE: 28

FILE: catalog/controller/checkout/cart.php
CODE: $json['total'] =
LINE: 373
LINE: 473
CODE: function clear() {
LINE: 291
CODE: $this->session->data['cart'] = array();
NOT FOUND - OPERATION SKIPPED!
CODE: function set($key, $value) {
LINE: 33
CODE: function view(
LINE: 102
CODE: return $output;
LINE: 59
LINE: 137
LINE: 219
LINE: 267

FILE: catalog/model/account/wishlist.php
CODE: return $query->row['total'];
LINE: 22

FILE: system/library/cart/customer.php
CODE: if (isset($this->session->data['customer_id']))
LINE: 25
CODE: $this->session->data['customer_id'] = $customer_query->row['customer_id'];
LINE: 60

FILE: system/library/response.php
CODE: echo $ou
LINE: 118
CODE: $this->level = $level;
LINE: 46

FILE: system/library/request.php
CODE: $this->server =
LINE: 29

FILE: catalog/model/catalog/product.php
CODE: public function getTotalProducts($data = array()) {
LINE: 415
CODE: public function getTotalProducts($data = array())
LINE: 415
CODE: public function getTotalProducts($data = array()) 
    {
NOT FOUND - OPERATION SKIPPED!
CODE: function getTotalProducts(
LINE: 416
----------------------------------------------------------------
MOD: Auto URL amigável Admin

FILE: admin/controller/catalog/product.php
CODE: $data['languages']
LINE: 588

FILE: admin/controller/catalog/category.php
CODE: $data['languages']
LINE: 359

FILE: admin/controller/catalog/information.php
CODE: $data['languages']
LINE: 325
CODE: </head>
LINE: 36

FILE: admin/view/template/catalog/product_form.twig
CODE: var attribute_row = {{ attribute_row }};
LINE: 1302
CODE: name="product_description[{{ language.language_id }}][name]"
LINE: 52
CODE: id="input-meta-title{{ language.language_id }}" class="form-control"
LINE: 66
CODE: name="product_seo_url[{{ store.store_id }}][{{ language.language_id }}]"
LINE: 1063

FILE: admin/view/template/catalog/category_form.twig
CODE: <script type="text/javascript">
LINE: 275
CODE: name="category_description[{{ language.language_id }}][name]"
LINE: 46
CODE: id="input-meta-title{{ language.language_id }}" class="form-control"
LINE: 61
CODE: name="category_seo_url[{{ store.store_id }}][{{ language.language_id }}]"
LINE: 190

FILE: admin/controller/catalog/manufacturer.php
CODE: protected function getForm() {
LINE: 248

FILE: admin/view/template/catalog/manufacturer_form.twig
CODE: {{ footer }}
LINE: 129
CODE: name="name"
LINE: 35
CODE: name="manufacturer_seo_url[{{ store.store_id }}][{{ language.language_id }}]"
LINE: 85

FILE: admin/view/template/catalog/information_form.twig
CODE: <script type="text/javascript">
LINE: 230
CODE: name="information_description[{{ language.language_id }}][title]"
LINE: 44
CODE: id="input-meta-title{{ language.language_id }}" class="form-control"
LINE: 60
CODE: name="information_seo_url[{{ store.store_id }}][{{ language.language_id }}]"
LINE: 147
----------------------------------------------------------------
2020-02-11 19:35:30 - MOD: Modification Default

FILE: system/engine/action.php
REGEX: ~(require|include)(_once)?\(([^)]+)~
LINE: 69

FILE: system/engine/loader.php
REGEX: ~(require|include)(_once)?\(([^)]+)~
LINE: 77
LINE: 151
LINE: 168

FILE: system/library/config.php
REGEX: ~(require|include)(_once)?\(([^)]+)~
LINE: 59

FILE: system/library/language.php
REGEX: ~(require|include)(_once)?\(([^)]+)~
LINE: 67
LINE: 73

FILE: system/library/template/template.php
REGEX: ~(require|include)(_once)?\(([^)]+)~
LINE: 18

FILE: system/library/template/twig.php
CODE: $loader = new \Twig_Loader_Filesystem(DIR_TEMPLATE);
LINE: 19
----------------------------------------------------------------
MOD: Auto URL amigável Admin

FILE: admin/controller/catalog/product.php
CODE: $data['languages']
LINE: 588

FILE: admin/controller/catalog/category.php
CODE: $data['languages']
LINE: 359

FILE: admin/controller/catalog/information.php
CODE: $data['languages']
LINE: 325

FILE: admin/view/template/common/header.twig
CODE: </head>
LINE: 36

FILE: admin/view/template/catalog/product_form.twig
CODE: var attribute_row = {{ attribute_row }};
LINE: 1302
CODE: name="product_description[{{ language.language_id }}][name]"
LINE: 52
CODE: id="input-meta-title{{ language.language_id }}" class="form-control"
LINE: 66
CODE: name="product_seo_url[{{ store.store_id }}][{{ language.language_id }}]"
LINE: 1063

FILE: admin/view/template/catalog/category_form.twig
CODE: <script type="text/javascript">
LINE: 275
CODE: name="category_description[{{ language.language_id }}][name]"
LINE: 46
CODE: id="input-meta-title{{ language.language_id }}" class="form-control"
LINE: 61
CODE: name="category_seo_url[{{ store.store_id }}][{{ language.language_id }}]"
LINE: 190

FILE: admin/controller/catalog/manufacturer.php
CODE: protected function getForm() {
LINE: 248

FILE: admin/view/template/catalog/manufacturer_form.twig
CODE: {{ footer }}
LINE: 129
CODE: name="name"
LINE: 35
CODE: name="manufacturer_seo_url[{{ store.store_id }}][{{ language.language_id }}]"
LINE: 85

FILE: admin/view/template/catalog/information_form.twig
CODE: <script type="text/javascript">
LINE: 230
CODE: name="information_description[{{ language.language_id }}][title]"
LINE: 44
CODE: id="input-meta-title{{ language.language_id }}" class="form-control"
LINE: 60
CODE: name="information_seo_url[{{ store.store_id }}][{{ language.language_id }}]"
LINE: 147
----------------------------------------------------------------
